2021-03-22 12:45:11,483 WARN  [SoapUI] Missing folder [C:\Users\SudiptaSenSarma\Desktop\SOAPProjectmvn\DemoMavenProject\ext] for external libraries
2021-03-22 12:45:11,821 INFO  [DefaultSoapUICore] initialized soapui-settings from [C:\Users\SudiptaSenSarma\soapui-settings.xml]
2021-03-22 12:45:16,147 WARN  [SoapUI] Plugin 'ready-uxm-plugin-os-1.0.3.jar' is not loaded because it hasn't been signed by SmartBear Software.
2021-03-22 12:45:17,019 INFO  [PluginManager] Adding plugin from [C:\Users\SudiptaSenSarma\.soapuios\plugins\readyapi-postman-1.0.1.jar]
2021-03-22 12:45:17,019 INFO  [PluginManager] Adding plugin from [C:\Users\SudiptaSenSarma\.soapuios\plugins\soapui-swagger-plugin-2.2-dist.jar]
2021-03-22 12:45:18,476 ERROR [SoapUI] An error occurred [com.eviware.soapui.plugins.auto.factories.AutoImportMethodFactory], see error log for details
2021-03-22 12:45:18,481 ERROR [errorlog] java.lang.ClassNotFoundException: com.eviware.soapui.plugins.auto.factories.AutoImportMethodFactory
java.lang.ClassNotFoundException: com.eviware.soapui.plugins.auto.factories.AutoImportMethodFactory
	at org.codehaus.plexus.classworlds.strategy.SelfFirstStrategy.loadClass(SelfFirstStrategy.java:50)
	at org.codehaus.plexus.classworlds.realm.ClassRealm.unsynchronizedLoadClass(ClassRealm.java:271)
	at org.codehaus.plexus.classworlds.realm.ClassRealm.loadClass(ClassRealm.java:247)
	at org.codehaus.plexus.classworlds.realm.ClassRealm.loadClass(ClassRealm.java:239)
	at java.lang.Class.forName0(Native Method)
	at java.lang.Class.forName(Class.java:264)
	at com.eviware.soapui.plugins.LoaderBase.loadAutoFactories(LoaderBase.java:113)
	at com.eviware.soapui.plugins.LoaderBase.loadFactories(LoaderBase.java:80)
	at com.eviware.soapui.plugins.PluginLoader.loadPluginFactories(PluginLoader.java:141)
	at com.eviware.soapui.plugins.PluginLoader.loadPlugin(PluginLoader.java:104)
	at com.eviware.soapui.plugins.PluginLoader.loadPlugin(PluginLoader.java:54)
	at com.eviware.soapui.plugins.PluginManager.doInstallPlugin(PluginManager.java:141)
	at com.eviware.soapui.plugins.PluginManager.access$600(PluginManager.java:43)
	at com.eviware.soapui.plugins.PluginManager$LoadPluginsTask.computeSequentially(PluginManager.java:420)
	at com.eviware.soapui.plugins.PluginManager$LoadPluginsTask.compute(PluginManager.java:377)
	at com.eviware.soapui.plugins.PluginManager$LoadPluginsTask.compute(PluginManager.java:382)
	at com.eviware.soapui.plugins.PluginManager$LoadPluginsTask.compute(PluginManager.java:365)
	at java.util.concurrent.RecursiveTask.exec(RecursiveTask.java:94)
	at java.util.concurrent.ForkJoinTask.doExec(ForkJoinTask.java:289)
	at java.util.concurrent.ForkJoinPool$WorkQueue.runTask(ForkJoinPool.java:1067)
	at java.util.concurrent.ForkJoinPool.runWorker(ForkJoinPool.java:1703)
	at java.util.concurrent.ForkJoinWorkerThread.run(ForkJoinWorkerThread.java:172)
2021-03-22 12:45:18,676 ERROR [SoapUI] An error occurred [com.eviware.soapui.plugins.auto.factories.AutoDiscoveryMethodFactory], see error log for details
2021-03-22 12:45:18,678 ERROR [errorlog] java.lang.ClassNotFoundException: com.eviware.soapui.plugins.auto.factories.AutoDiscoveryMethodFactory
java.lang.ClassNotFoundException: com.eviware.soapui.plugins.auto.factories.AutoDiscoveryMethodFactory
	at org.codehaus.plexus.classworlds.strategy.SelfFirstStrategy.loadClass(SelfFirstStrategy.java:50)
	at org.codehaus.plexus.classworlds.realm.ClassRealm.unsynchronizedLoadClass(ClassRealm.java:271)
	at org.codehaus.plexus.classworlds.realm.ClassRealm.loadClass(ClassRealm.java:247)
	at org.codehaus.plexus.classworlds.realm.ClassRealm.loadClass(ClassRealm.java:239)
	at java.lang.Class.forName0(Native Method)
	at java.lang.Class.forName(Class.java:264)
	at com.eviware.soapui.plugins.LoaderBase.loadAutoFactories(LoaderBase.java:113)
	at com.eviware.soapui.plugins.LoaderBase.loadFactories(LoaderBase.java:80)
	at com.eviware.soapui.plugins.PluginLoader.loadPluginFactories(PluginLoader.java:141)
	at com.eviware.soapui.plugins.PluginLoader.loadPlugin(PluginLoader.java:104)
	at com.eviware.soapui.plugins.PluginLoader.loadPlugin(PluginLoader.java:54)
	at com.eviware.soapui.plugins.PluginManager.doInstallPlugin(PluginManager.java:141)
	at com.eviware.soapui.plugins.PluginManager.access$600(PluginManager.java:43)
	at com.eviware.soapui.plugins.PluginManager$LoadPluginsTask.computeSequentially(PluginManager.java:420)
	at com.eviware.soapui.plugins.PluginManager$LoadPluginsTask.compute(PluginManager.java:377)
	at com.eviware.soapui.plugins.PluginManager$LoadPluginsTask.compute(PluginManager.java:382)
	at com.eviware.soapui.plugins.PluginManager$LoadPluginsTask.compute(PluginManager.java:365)
	at java.util.concurrent.RecursiveTask.exec(RecursiveTask.java:94)
	at java.util.concurrent.ForkJoinTask.doExec(ForkJoinTask.java:289)
	at java.util.concurrent.ForkJoinPool$WorkQueue.runTask(ForkJoinPool.java:1067)
	at java.util.concurrent.ForkJoinPool.runWorker(ForkJoinPool.java:1703)
	at java.util.concurrent.ForkJoinWorkerThread.run(ForkJoinWorkerThread.java:172)
2021-03-22 12:45:18,755 ERROR [SoapUI] An error occurred [com.eviware.soapui.plugins.auto.factories.AutoImportMethodFactory], see error log for details
2021-03-22 12:45:18,760 ERROR [errorlog] java.lang.ClassNotFoundException: com.eviware.soapui.plugins.auto.factories.AutoImportMethodFactory
java.lang.ClassNotFoundException: com.eviware.soapui.plugins.auto.factories.AutoImportMethodFactory
	at org.codehaus.plexus.classworlds.strategy.SelfFirstStrategy.loadClass(SelfFirstStrategy.java:50)
	at org.codehaus.plexus.classworlds.realm.ClassRealm.unsynchronizedLoadClass(ClassRealm.java:271)
	at org.codehaus.plexus.classworlds.realm.ClassRealm.loadClass(ClassRealm.java:247)
	at org.codehaus.plexus.classworlds.realm.ClassRealm.loadClass(ClassRealm.java:239)
	at java.lang.Class.forName0(Native Method)
	at java.lang.Class.forName(Class.java:264)
	at com.eviware.soapui.plugins.LoaderBase.loadAutoFactories(LoaderBase.java:113)
	at com.eviware.soapui.plugins.LoaderBase.loadFactories(LoaderBase.java:80)
	at com.eviware.soapui.plugins.PluginLoader.loadPluginFactories(PluginLoader.java:141)
	at com.eviware.soapui.plugins.PluginLoader.loadPlugin(PluginLoader.java:104)
	at com.eviware.soapui.plugins.PluginLoader.loadPlugin(PluginLoader.java:54)
	at com.eviware.soapui.plugins.PluginManager.doInstallPlugin(PluginManager.java:141)
	at com.eviware.soapui.plugins.PluginManager.access$600(PluginManager.java:43)
	at com.eviware.soapui.plugins.PluginManager$LoadPluginsTask.computeSequentially(PluginManager.java:420)
	at com.eviware.soapui.plugins.PluginManager$LoadPluginsTask.compute(PluginManager.java:377)
	at com.eviware.soapui.plugins.PluginManager$LoadPluginsTask.compute(PluginManager.java:365)
	at java.util.concurrent.RecursiveTask.exec(RecursiveTask.java:94)
	at java.util.concurrent.ForkJoinTask.doExec(ForkJoinTask.java:289)
	at java.util.concurrent.ForkJoinPool$WorkQueue.runTask(ForkJoinPool.java:1067)
	at java.util.concurrent.ForkJoinPool.runWorker(ForkJoinPool.java:1703)
	at java.util.concurrent.ForkJoinWorkerThread.run(ForkJoinWorkerThread.java:172)
2021-03-22 12:45:18,906 INFO  [PluginManager] Adding plugin from [C:\Users\SudiptaSenSarma\.soapuios\plugins\ready-mqtt-plugin-dist.jar]
2021-03-22 12:45:19,037 ERROR [SoapUI] An error occurred [com.eviware.soapui.plugins.auto.factories.AutoDiscoveryMethodFactory], see error log for details
2021-03-22 12:45:19,039 ERROR [errorlog] java.lang.ClassNotFoundException: com.eviware.soapui.plugins.auto.factories.AutoDiscoveryMethodFactory
java.lang.ClassNotFoundException: com.eviware.soapui.plugins.auto.factories.AutoDiscoveryMethodFactory
	at org.codehaus.plexus.classworlds.strategy.SelfFirstStrategy.loadClass(SelfFirstStrategy.java:50)
	at org.codehaus.plexus.classworlds.realm.ClassRealm.unsynchronizedLoadClass(ClassRealm.java:271)
	at org.codehaus.plexus.classworlds.realm.ClassRealm.loadClass(ClassRealm.java:247)
	at org.codehaus.plexus.classworlds.realm.ClassRealm.loadClass(ClassRealm.java:239)
	at java.lang.Class.forName0(Native Method)
	at java.lang.Class.forName(Class.java:264)
	at com.eviware.soapui.plugins.LoaderBase.loadAutoFactories(LoaderBase.java:113)
	at com.eviware.soapui.plugins.LoaderBase.loadFactories(LoaderBase.java:80)
	at com.eviware.soapui.plugins.PluginLoader.loadPluginFactories(PluginLoader.java:141)
	at com.eviware.soapui.plugins.PluginLoader.loadPlugin(PluginLoader.java:104)
	at com.eviware.soapui.plugins.PluginLoader.loadPlugin(PluginLoader.java:54)
	at com.eviware.soapui.plugins.PluginManager.doInstallPlugin(PluginManager.java:141)
	at com.eviware.soapui.plugins.PluginManager.access$600(PluginManager.java:43)
	at com.eviware.soapui.plugins.PluginManager$LoadPluginsTask.computeSequentially(PluginManager.java:420)
	at com.eviware.soapui.plugins.PluginManager$LoadPluginsTask.compute(PluginManager.java:377)
	at com.eviware.soapui.plugins.PluginManager$LoadPluginsTask.compute(PluginManager.java:365)
	at java.util.concurrent.RecursiveTask.exec(RecursiveTask.java:94)
	at java.util.concurrent.ForkJoinTask.doExec(ForkJoinTask.java:289)
	at java.util.concurrent.ForkJoinPool$WorkQueue.runTask(ForkJoinPool.java:1067)
	at java.util.concurrent.ForkJoinPool.runWorker(ForkJoinPool.java:1703)
	at java.util.concurrent.ForkJoinWorkerThread.run(ForkJoinWorkerThread.java:172)
2021-03-22 12:45:19,723 ERROR [SoapUI] An error occurred [com.eviware.soapui.plugins.auto.factories.AutoImportMethodFactory], see error log for details
2021-03-22 12:45:19,724 ERROR [errorlog] java.lang.ClassNotFoundException: com.eviware.soapui.plugins.auto.factories.AutoImportMethodFactory
java.lang.ClassNotFoundException: com.eviware.soapui.plugins.auto.factories.AutoImportMethodFactory
	at org.codehaus.plexus.classworlds.strategy.SelfFirstStrategy.loadClass(SelfFirstStrategy.java:50)
	at org.codehaus.plexus.classworlds.realm.ClassRealm.unsynchronizedLoadClass(ClassRealm.java:271)
	at org.codehaus.plexus.classworlds.realm.ClassRealm.loadClass(ClassRealm.java:247)
	at org.codehaus.plexus.classworlds.realm.ClassRealm.loadClass(ClassRealm.java:239)
	at java.lang.Class.forName0(Native Method)
	at java.lang.Class.forName(Class.java:264)
	at com.eviware.soapui.plugins.LoaderBase.loadAutoFactories(LoaderBase.java:113)
	at com.eviware.soapui.plugins.LoaderBase.loadFactories(LoaderBase.java:80)
	at com.eviware.soapui.plugins.PluginLoader.loadPluginFactories(PluginLoader.java:141)
	at com.eviware.soapui.plugins.PluginLoader.loadPlugin(PluginLoader.java:104)
	at com.eviware.soapui.plugins.PluginLoader.loadPlugin(PluginLoader.java:54)
	at com.eviware.soapui.plugins.PluginManager.doInstallPlugin(PluginManager.java:141)
	at com.eviware.soapui.plugins.PluginManager.access$600(PluginManager.java:43)
	at com.eviware.soapui.plugins.PluginManager$LoadPluginsTask.computeSequentially(PluginManager.java:420)
	at com.eviware.soapui.plugins.PluginManager$LoadPluginsTask.compute(PluginManager.java:377)
	at com.eviware.soapui.plugins.PluginManager$LoadPluginsTask.compute(PluginManager.java:382)
	at com.eviware.soapui.plugins.PluginManager$LoadPluginsTask.compute(PluginManager.java:365)
	at java.util.concurrent.RecursiveTask.exec(RecursiveTask.java:94)
	at java.util.concurrent.ForkJoinTask.doExec(ForkJoinTask.java:289)
	at java.util.concurrent.ForkJoinPool$WorkQueue.runTask(ForkJoinPool.java:1067)
	at java.util.concurrent.ForkJoinPool.runWorker(ForkJoinPool.java:1703)
	at java.util.concurrent.ForkJoinWorkerThread.run(ForkJoinWorkerThread.java:172)
2021-03-22 12:45:19,844 ERROR [SoapUI] An error occurred [com.eviware.soapui.plugins.auto.factories.AutoDiscoveryMethodFactory], see error log for details
2021-03-22 12:45:19,845 ERROR [errorlog] java.lang.ClassNotFoundException: com.eviware.soapui.plugins.auto.factories.AutoDiscoveryMethodFactory
java.lang.ClassNotFoundException: com.eviware.soapui.plugins.auto.factories.AutoDiscoveryMethodFactory
	at org.codehaus.plexus.classworlds.strategy.SelfFirstStrategy.loadClass(SelfFirstStrategy.java:50)
	at org.codehaus.plexus.classworlds.realm.ClassRealm.unsynchronizedLoadClass(ClassRealm.java:271)
	at org.codehaus.plexus.classworlds.realm.ClassRealm.loadClass(ClassRealm.java:247)
	at org.codehaus.plexus.classworlds.realm.ClassRealm.loadClass(ClassRealm.java:239)
	at java.lang.Class.forName0(Native Method)
	at java.lang.Class.forName(Class.java:264)
	at com.eviware.soapui.plugins.LoaderBase.loadAutoFactories(LoaderBase.java:113)
	at com.eviware.soapui.plugins.LoaderBase.loadFactories(LoaderBase.java:80)
	at com.eviware.soapui.plugins.PluginLoader.loadPluginFactories(PluginLoader.java:141)
	at com.eviware.soapui.plugins.PluginLoader.loadPlugin(PluginLoader.java:104)
	at com.eviware.soapui.plugins.PluginLoader.loadPlugin(PluginLoader.java:54)
	at com.eviware.soapui.plugins.PluginManager.doInstallPlugin(PluginManager.java:141)
	at com.eviware.soapui.plugins.PluginManager.access$600(PluginManager.java:43)
	at com.eviware.soapui.plugins.PluginManager$LoadPluginsTask.computeSequentially(PluginManager.java:420)
	at com.eviware.soapui.plugins.PluginManager$LoadPluginsTask.compute(PluginManager.java:377)
	at com.eviware.soapui.plugins.PluginManager$LoadPluginsTask.compute(PluginManager.java:382)
	at com.eviware.soapui.plugins.PluginManager$LoadPluginsTask.compute(PluginManager.java:365)
	at java.util.concurrent.RecursiveTask.exec(RecursiveTask.java:94)
	at java.util.concurrent.ForkJoinTask.doExec(ForkJoinTask.java:289)
	at java.util.concurrent.ForkJoinPool$WorkQueue.runTask(ForkJoinPool.java:1067)
	at java.util.concurrent.ForkJoinPool.runWorker(ForkJoinPool.java:1703)
	at java.util.concurrent.ForkJoinWorkerThread.run(ForkJoinWorkerThread.java:172)
2021-03-22 12:45:19,960 INFO  [PluginManager] Adding plugin from [C:\Users\SudiptaSenSarma\.soapuios\plugins\readyapi-swaggerhub-plugin-1.0.jar]
2021-03-22 12:45:20,567 ERROR [SoapUI] An error occurred [com.eviware.soapui.plugins.auto.factories.AutoImportMethodFactory], see error log for details
2021-03-22 12:45:20,569 ERROR [errorlog] java.lang.ClassNotFoundException: com.eviware.soapui.plugins.auto.factories.AutoImportMethodFactory
java.lang.ClassNotFoundException: com.eviware.soapui.plugins.auto.factories.AutoImportMethodFactory
	at org.codehaus.plexus.classworlds.strategy.SelfFirstStrategy.loadClass(SelfFirstStrategy.java:50)
	at org.codehaus.plexus.classworlds.realm.ClassRealm.unsynchronizedLoadClass(ClassRealm.java:271)
	at org.codehaus.plexus.classworlds.realm.ClassRealm.loadClass(ClassRealm.java:247)
	at org.codehaus.plexus.classworlds.realm.ClassRealm.loadClass(ClassRealm.java:239)
	at java.lang.Class.forName0(Native Method)
	at java.lang.Class.forName(Class.java:264)
	at com.eviware.soapui.plugins.LoaderBase.loadAutoFactories(LoaderBase.java:113)
	at com.eviware.soapui.plugins.LoaderBase.loadFactories(LoaderBase.java:80)
	at com.eviware.soapui.plugins.PluginLoader.loadPluginFactories(PluginLoader.java:141)
	at com.eviware.soapui.plugins.PluginLoader.loadPlugin(PluginLoader.java:104)
	at com.eviware.soapui.plugins.PluginLoader.loadPlugin(PluginLoader.java:54)
	at com.eviware.soapui.plugins.PluginManager.doInstallPlugin(PluginManager.java:141)
	at com.eviware.soapui.plugins.PluginManager.access$600(PluginManager.java:43)
	at com.eviware.soapui.plugins.PluginManager$LoadPluginsTask.computeSequentially(PluginManager.java:420)
	at com.eviware.soapui.plugins.PluginManager$LoadPluginsTask.compute(PluginManager.java:377)
	at com.eviware.soapui.plugins.PluginManager$LoadPluginsTask.compute(PluginManager.java:382)
	at com.eviware.soapui.plugins.PluginManager$LoadPluginsTask.compute(PluginManager.java:365)
	at java.util.concurrent.RecursiveTask.exec(RecursiveTask.java:94)
	at java.util.concurrent.ForkJoinTask.doExec(ForkJoinTask.java:289)
	at java.util.concurrent.ForkJoinPool$WorkQueue.runTask(ForkJoinPool.java:1067)
	at java.util.concurrent.ForkJoinPool.runWorker(ForkJoinPool.java:1703)
	at java.util.concurrent.ForkJoinWorkerThread.run(ForkJoinWorkerThread.java:172)
2021-03-22 12:45:20,685 ERROR [SoapUI] An error occurred [com.eviware.soapui.plugins.auto.factories.AutoDiscoveryMethodFactory], see error log for details
2021-03-22 12:45:20,688 ERROR [errorlog] java.lang.ClassNotFoundException: com.eviware.soapui.plugins.auto.factories.AutoDiscoveryMethodFactory
java.lang.ClassNotFoundException: com.eviware.soapui.plugins.auto.factories.AutoDiscoveryMethodFactory
	at org.codehaus.plexus.classworlds.strategy.SelfFirstStrategy.loadClass(SelfFirstStrategy.java:50)
	at org.codehaus.plexus.classworlds.realm.ClassRealm.unsynchronizedLoadClass(ClassRealm.java:271)
	at org.codehaus.plexus.classworlds.realm.ClassRealm.loadClass(ClassRealm.java:247)
	at org.codehaus.plexus.classworlds.realm.ClassRealm.loadClass(ClassRealm.java:239)
	at java.lang.Class.forName0(Native Method)
	at java.lang.Class.forName(Class.java:264)
	at com.eviware.soapui.plugins.LoaderBase.loadAutoFactories(LoaderBase.java:113)
	at com.eviware.soapui.plugins.LoaderBase.loadFactories(LoaderBase.java:80)
	at com.eviware.soapui.plugins.PluginLoader.loadPluginFactories(PluginLoader.java:141)
	at com.eviware.soapui.plugins.PluginLoader.loadPlugin(PluginLoader.java:104)
	at com.eviware.soapui.plugins.PluginLoader.loadPlugin(PluginLoader.java:54)
	at com.eviware.soapui.plugins.PluginManager.doInstallPlugin(PluginManager.java:141)
	at com.eviware.soapui.plugins.PluginManager.access$600(PluginManager.java:43)
	at com.eviware.soapui.plugins.PluginManager$LoadPluginsTask.computeSequentially(PluginManager.java:420)
	at com.eviware.soapui.plugins.PluginManager$LoadPluginsTask.compute(PluginManager.java:377)
	at com.eviware.soapui.plugins.PluginManager$LoadPluginsTask.compute(PluginManager.java:382)
	at com.eviware.soapui.plugins.PluginManager$LoadPluginsTask.compute(PluginManager.java:365)
	at java.util.concurrent.RecursiveTask.exec(RecursiveTask.java:94)
	at java.util.concurrent.ForkJoinTask.doExec(ForkJoinTask.java:289)
	at java.util.concurrent.ForkJoinPool$WorkQueue.runTask(ForkJoinPool.java:1067)
	at java.util.concurrent.ForkJoinPool.runWorker(ForkJoinPool.java:1703)
	at java.util.concurrent.ForkJoinWorkerThread.run(ForkJoinWorkerThread.java:172)
2021-03-22 12:45:20,802 INFO  [PluginManager] 4 plugins loaded in 3788 ms
2021-03-22 12:45:20,802 INFO  [DefaultSoapUICore] All plugins loaded
2021-03-22 12:45:23,098 INFO  [WsdlProject] Loaded project from [file:/C:/Users/SudiptaSenSarma/Desktop/SOAPProjectmvn/DemoMavenProject/Project-2-REST-soapui-project.xml]
2021-03-22 12:45:23,114 INFO  [SoapUITestCaseRunner] Running SoapUI tests in project [Project 2-REST]
2021-03-22 12:45:23,118 INFO  [SoapUITestCaseRunner] Running Project [Project 2-REST], runType = SEQUENTIAL
2021-03-22 12:45:23,149 INFO  [SoapUITestCaseRunner] Running SoapUI testcase [GetAccessToken]
2021-03-22 12:45:23,184 INFO  [SoapUITestCaseRunner] running step [GetAccessToken]
2021-03-22 12:45:26,709 INFO  [log] 116fc697f509e5a4ef6bf0d920f25e2c11790d6f
2021-03-22 12:45:26,771 INFO  [SoapUITestCaseRunner] Assertion [Valid HTTP Status Codes] has status VALID
2021-03-22 12:45:26,772 INFO  [SoapUITestCaseRunner] Assertion [Script Assertion] has status VALID
2021-03-22 12:45:26,777 INFO  [SoapUITestCaseRunner] Finished running SoapUI testcase [GetAccessToken], time taken: 2802ms, status: FINISHED
2021-03-22 12:45:26,784 INFO  [SoapUITestCaseRunner] Running SoapUI testcase [Login]
2021-03-22 12:45:26,786 INFO  [SoapUITestCaseRunner] running step [GetDatafromExcel]
2021-03-22 12:45:27,419 INFO  [log] username is upskills_admin
2021-03-22 12:45:27,423 INFO  [SoapUITestCaseRunner] running step [Login]
2021-03-22 12:45:27,827 INFO  [SoapUITestCaseRunner] Assertion [Valid HTTP Status Codes] has status VALID
2021-03-22 12:45:27,828 INFO  [SoapUITestCaseRunner] running step [GetUserAccDetails]
2021-03-22 12:45:28,232 INFO  [log] upskills_admin
2021-03-22 12:45:28,237 INFO  [SoapUITestCaseRunner] Assertion [Valid HTTP Status Codes] has status VALID
2021-03-22 12:45:28,237 INFO  [SoapUITestCaseRunner] Assertion [Script Assertion] has status VALID
2021-03-22 12:45:28,238 INFO  [SoapUITestCaseRunner] Finished running SoapUI testcase [Login], time taken: 1386ms, status: FINISHED
2021-03-22 12:45:28,251 INFO  [SoapUITestCaseRunner] Running SoapUI testcase [Product]
2021-03-22 12:45:28,255 INFO  [SoapUITestCaseRunner] running step [AddProductCategory]
2021-03-22 12:45:28,689 INFO  [log] 2320
2021-03-22 12:45:28,695 INFO  [SoapUITestCaseRunner] Assertion [Valid HTTP Status Codes] has status VALID
2021-03-22 12:45:28,698 INFO  [SoapUITestCaseRunner] Assertion [Script Assertion] has status VALID
2021-03-22 12:45:28,698 INFO  [SoapUITestCaseRunner] running step [AddSubCategory]
2021-03-22 12:45:29,095 INFO  [log] 2321
2021-03-22 12:45:29,096 INFO  [SoapUITestCaseRunner] Assertion [Valid HTTP Status Codes] has status VALID
2021-03-22 12:45:29,098 INFO  [SoapUITestCaseRunner] Assertion [Script Assertion] has status VALID
2021-03-22 12:45:29,102 INFO  [SoapUITestCaseRunner] Finished running SoapUI testcase [Product], time taken: 751ms, status: FINISHED
2021-03-22 12:45:29,104 INFO  [SoapUITestCaseRunner] Running SoapUI testcase [CustomerOrder]
2021-03-22 12:45:29,104 INFO  [SoapUITestCaseRunner] running step [GetDatafromExcel]
2021-03-22 12:45:29,414 INFO  [SoapUITestCaseRunner] running step [AddCustomer]
2021-03-22 12:45:30,916 INFO  [log] 3796
2021-03-22 12:45:30,917 INFO  [SoapUITestCaseRunner] Assertion [Valid HTTP Status Codes] has status VALID
2021-03-22 12:45:30,919 INFO  [SoapUITestCaseRunner] Assertion [Script Assertion] has status VALID
2021-03-22 12:45:30,925 INFO  [SoapUITestCaseRunner] running step [CreateOrder]
2021-03-22 12:45:32,648 INFO  [SoapUITestCaseRunner] Assertion [Valid HTTP Status Codes] has status VALID
2021-03-22 12:45:32,649 INFO  [SoapUITestCaseRunner] Assertion [Script Assertion] has status UNKNOWN
2021-03-22 12:45:32,652 INFO  [SoapUITestCaseRunner] Finished running SoapUI testcase [CustomerOrder], time taken: 3482ms, status: FINISHED
2021-03-22 12:45:32,655 INFO  [SoapUITestCaseRunner] Project [Project 2-REST] finished with status [FINISHED] in 9521ms
2021-03-22 12:45:38,155 WARN  [Tools] Could not delete temporary directory C:\Users\SUDIPT~1\AppData\Local\Temp\1cb519af-9da8-4d85-9550-83c57764f000
2021-03-22 12:45:38,161 WARN  [Tools] Could not delete temporary directory C:\Users\SUDIPT~1\AppData\Local\Temp\158d3174-2a79-4d9c-8080-2429be979c6d
